<?xml version="1.0" encoding="UTF-8"?>
<!-- Generated by org.testng.reporters.JUnitXMLReporter -->
<testsuite ignored="0" hostname="phams-MacBook-Air.local" failures="1" tests="4" name="Test" time="73.682" errors="0" timestamp="2022-11-16T00:54:57 ICT">
  <testcase classname="resources.com.fundingsocieties.TestCases" name="CheckDisbursementTab" time="2.997">
    <failure type="org.openqa.selenium.ElementClickInterceptedException" message="Element &amp;lt;button class=&amp;quot;tab-button -progress&amp;quot;&amp;gt; is not clickable at point (978,558) because another element &amp;lt;div class=&amp;quot;loading-background&amp;quot;&amp;gt; obscures it
Build info: version: &amp;apos;3.141.59&amp;apos;, revision: &amp;apos;e82be7d358&amp;apos;, time: &amp;apos;2018-11-14T08:17:03&amp;apos;
System info: host: &amp;apos;phams-MacBook-Air.local&amp;apos;, ip: &amp;apos;fe80:0:0:0:1880:e291:5472:9050%en0&amp;apos;, os.name: &amp;apos;Mac OS X&amp;apos;, os.arch: &amp;apos;aarch64&amp;apos;, os.version: &amp;apos;12.5&amp;apos;, java.version: &amp;apos;19.0.1&amp;apos;
Driver info: org.openqa.selenium.firefox.FirefoxDriver
Capabilities {acceptInsecureCerts: true, browserName: firefox, browserVersion: 106.0.3, javascriptEnabled: true, moz:accessibilityChecks: false, moz:buildID: 20221030091646, moz:geckodriverVersion: 0.32.0, moz:headless: false, moz:platformVersion: 21.6.0, moz:processID: 9797, moz:profile: /var/folders/pk/xxnbq8656fn..., moz:shutdownTimeout: 60000, moz:useNonSpecCompliantPointerOrigin: false, moz:webdriverClick: true, moz:windowless: false, pageLoadStrategy: normal, platform: MAC, platformName: MAC, proxy: Proxy(), setWindowRect: true, strictFileInteractability: false, timeouts: {implicit: 0, pageLoad: 300000, script: 30000}, unhandledPromptBehavior: dismiss and notify}
Session ID: a4570da3-c40d-4a10-bdb4-0d04e47db27c">
      <![CDATA[org.openqa.selenium.ElementClickInterceptedException: Element <button class="tab-button -progress"> is not clickable at point (978,558) because another element <div class="loading-background"> obscures it
Build info: version: '3.141.59', revision: 'e82be7d358', time: '2018-11-14T08:17:03'
System info: host: 'phams-MacBook-Air.local', ip: 'fe80:0:0:0:1880:e291:5472:9050%en0', os.name: 'Mac OS X', os.arch: 'aarch64', os.version: '12.5', java.version: '19.0.1'
Driver info: org.openqa.selenium.firefox.FirefoxDriver
Capabilities {acceptInsecureCerts: true, browserName: firefox, browserVersion: 106.0.3, javascriptEnabled: true, moz:accessibilityChecks: false, moz:buildID: 20221030091646, moz:geckodriverVersion: 0.32.0, moz:headless: false, moz:platformVersion: 21.6.0, moz:processID: 9797, moz:profile: /var/folders/pk/xxnbq8656fn..., moz:shutdownTimeout: 60000, moz:useNonSpecCompliantPointerOrigin: false, moz:webdriverClick: true, moz:windowless: false, pageLoadStrategy: normal, platform: MAC, platformName: MAC, proxy: Proxy(), setWindowRect: true, strictFileInteractability: false, timeouts: {implicit: 0, pageLoad: 300000, script: 30000}, unhandledPromptBehavior: dismiss and notify}
Session ID: a4570da3-c40d-4a10-bdb4-0d04e47db27c
at org.openqa.selenium.remote.http.W3CHttpResponseCodec.createException(W3CHttpResponseCodec.java:187)
at org.openqa.selenium.remote.http.W3CHttpResponseCodec.decode(W3CHttpResponseCodec.java:122)
at org.openqa.selenium.remote.http.W3CHttpResponseCodec.decode(W3CHttpResponseCodec.java:49)
at org.openqa.selenium.remote.HttpCommandExecutor.execute(HttpCommandExecutor.java:158)
at org.openqa.selenium.remote.service.DriverCommandExecutor.execute(DriverCommandExecutor.java:83)
at org.openqa.selenium.remote.RemoteWebDriver.execute(RemoteWebDriver.java:552)
at org.openqa.selenium.remote.RemoteWebElement.execute(RemoteWebElement.java:285)
at org.openqa.selenium.remote.RemoteWebElement.click(RemoteWebElement.java:84)
at common.UI.clickButton(UI.java:24)
at common.UI.ClickOnTab(UI.java:70)
at resources.com.fundingsocieties.TestCases.CheckDisbursementTab(TestCases.java:104)
at java.base/java.util.ArrayList.forEach(ArrayList.java:1511)
... Removed 31 stack frames]]>
    </failure>
  </testcase> <!-- CheckDisbursementTab -->
  <testcase classname="resources.com.fundingsocieties.TestCases" name="CheckGeneralTab" time="21.793"/>
  <testcase classname="resources.com.fundingsocieties.TestCases" name="CheckRepaymentTab" time="4.246"/>
  <testcase classname="resources.com.fundingsocieties.TestCases" name="FullFlow" time="23.074"/>
</testsuite> <!-- Test -->
